K35rwRGzBGuNb5daMR5JAaK6fAoq+ZmDq9ORmGd+jS8jziXE81Q52opDobMia2DWaC8Wb2YijgDmOh9daYVDy6FGPukaXYOB+6vf/pbNqhoxYW14BGzZULb8BNNIIPgCWittNCp+T3m38+rku0GV52R0G4F79B8zz3olD8r60NS/utcrODP1saeu0g==
TfYjRG0GO5YsaVIvVWI+YzAaTy/e2QC91MouqagsOIT6VrGr9b21Yfij8I9mJvNsZNK62MUmrjVChOY5In2rkfOr1+6+7ZLK6aGViNzMceA+fIyjIECgsuLrteTSnqdpv/Pi9NMh7bc8NKMxoxT3w0f6rb9iWoikx/qPewAT3aGvrto=
kqiBpJcBV+FAJP16wLFbYJObfxYlq3jof/29q1sf4EzxJO1JMAg+X2dB/fCSeYqfK+2MmQMgLOfd76mCPXk0QXbIrnKjNEUWm78HFTcFsrMbSAauQbhu8vBMd+5MMSjUbN3gVdnFWSt9uszFUC5j8f+MPgTDdHRchneSyMJ2CPv/gFA2VX2Vs0hgIQnv03akSfXBHMUXzVrnq1CSaiCtqoWfwruv9YWu8A==
2m62Ly0p2YpyhiSOEKHy06c8o8LyeLSzEnqX53bs8abp7Ce/66rYzYpSwstiN1JGoieD9TxDm5nBGi9Ma+rUjdmr7M6JoLrXwHDuMWyhiQNkiWQ1M3AmCUJ2t2ATf25AtXQxu7w2o0j4Fi2oCmB1oZ5BUjACapn77yxfUK4n
km3xON6gVaaaMPrjU/aaW2KWq/ncGEYCSRxsifk2oei7CXx7woNzMvYYGUI5KO+Ly5/QyZo2qr8iQzoiMqMLQZz3U10R/se4ax48aQlvJHopFDJTUBSGRSzV4Wd0jWwBE0TuzZKSX5STi4akZbD5j5wCq0zockXcShQdxQ7F2oSi3lE/P8i3pK7T
rYyxXu/hOx/5/me6Rcvn9mKWq/ncGEYCSRxsifk2oei7GHR1xIxyYPYYGUI5KO+Ly5DQyZo2qr8iQzoiMqMLQZz3U10R/se4ax48aQlvJHopFDJTUBSGRSzV4Wd0jWwBE0TuzZKSX5STi4akZbD5j5wCq0zockXcShQdxQ7F2oSi3lE/P8i3pK7T
5y9SD7vJQd+FL88kkOyGXswjETBLwNMbMbLerdPqjHyNYYi+wsLj3cwcblYNWMpLaZbivtoMORbGiY70doyxBmkM55/rxZhtCrIC62IXEiYih0MVPGPb+UG676xrChQtWcus7olAendAEK4RbIFJ4+QpJFUzUObpwtb3ABMfLuA1lPGbvFbj6Hj27YgKQDXBHuGS0AJK2ZtvjJ+wrsc=
L5hYekoZW2n+qJyV10xJCF8kLBlgNJPxrewOUdQyX0GSFE/yaoTBFvv/p5WXRdKz849kLuF4TvKQjJdu7HEI1EydgNU5BXkrXXosRTBuQ/HfzJ6EI7QUXKa3Mkiituj7n8DwtvU99bOooIGJTxOWpCm1IZxlV+1aB+swEsrgjaqlXyI7z7WlrtA=
1DL+1kUEuz4cDOPkFe02NInoNBFEqiwVBGUORgpFIigvxlMcV60XFEMyruR2nJH2qVyHL2s9OT1KguL7YgdyFuJX42W80zspAcrPvGsaNF0ZG0xeCTDap4AgzgFskanTpHmEpbPghrkCJtcQEw8OEPXEkSs8pkO4OMYNmApQVfHeMTKggvo5Sy/8v6Cu1w==
nf3Co4rQJXxpjAAUFwLk/P+pdho28ZrQsdGPiHQ5kQwjwyWrlTpQwINWubsdXU2xIGNDOz5GmxzsUjJobYZ2xbpEPukaXYOB+6vf/pbNqhoxYW14BGzZULb8BNNIIPgCWittNCp+T3m38+rku0GV52R0G4F79B8zz3olD8r60NS/utcrODP1saeu0g==
rSQB85+NJsHdIocUdXPvTOWdns6KzbJQT57j1IhvqZ4mQb7sdpSBzomEd+er94llKvpyc+KP4u4Cj1Mt/JtLcSHy37RrEiRlOUM8Fkl4an9g2F6J7Bk5q8QhNG1zKHZhIh7HGBMHHijVHGHj/G7z4Fi+nRCK2MUJPumC6MKySRMPxK+ort8=
xYQcZoYFL11PyBAk3wVM029KpL9Zp5qHYerqRzXGqBbz77/1/zWq86LdzI5ZyMZyGHxvjgSh0BR0raj1IRVxK1VqNGUYXnsxBxx2ZNtEnNwuB4roCuawu+ewmNbtLf2zoLCZaafjbmTxZYk83edl2o+bSHKisNXqnW8KG9elra7Y
uX8pZJbGvIZQcNyWZSJlP/7mjhastxFN9zoJFDdtZMfLhIMqAN+n0fszs5t25RZ49gApatnAP7OL4YBhOt5aJ6LbSkqSC9u5XM8DNXHW96BrBgxBaQd0Quns4vvwfPbdrE0Rj9QlPHlTfD4lcrpvjJOTtoyFWCm33Hr75EiatUTKjG2trm0KfGLmAVdf4Ie8rss=
6h4JiNRNv6D78VB7DtCExFMlIBR5ddq5svtXXJhtAxOQDQ7yaoTBFvv/p5WXRdKz8o5kLuF4TvKQjJdu7HEI1EydgNU5BXkrXXosRTBuQ/HfzJ6EI7QUXKa3Mkiituj7n8DwtvU99bOooIGJTxOWpCm1IZxlV+1aB+swEsrgjaqlXyI7z7WlrtA=
aJ4/yO5HasVG9Nfwp0zXL7wwtK5w/6ik0i3D6D1bOiNocl+VYJpRaAspPeMU6XnOwy66ciLbcNKVRUqCSZct8xUdf9CmLZzp2Qro4lKqjFW343Dxmmr/b3eq+UtCuGUjSt3Rv576D+gzv2ni+kvycUfFmyORqSCRTyvC1tObBRZTL99133VK8wwfow55iCZyuLwPDiThMBTUbch1AVWRK7UqFOV4ntsx51xW5LuEPNzOR6poaiYQuwfwuFaN7V2zAPB56YcjDmRRJWm8/ScF2i/bqPKCcLXqPS/qm/dlza64
danQs2wxYRVF6zg9YB/G0LTDD4gD7B8nQKt29KRpBGTcnXIEp2P8SVu+EpKaq7gS3RWSoiGn1fNtLZfw/v1UqZH6UIL6OhTVL3MYUWLat6+/+qGrashdI3Kt+V/Gqscoew+RQpLbavHfVTNDKVlo0Yf7mvY7q30Wqx+3VQclAjPDaRvu0Ri+8iAs565cUfhUnL0QFSmlqSuN2jyFoE6TcS/sLkRTFKRcVtcCiNJW2HtPoGB25d2ls3jAkcnf88YkGdXR3FW3nVq3S8BSesD9KvV/snvfFfWugA==
0mq2STXZ57vYiXCUMHdrVuOVmmoBJ1mCwis8sdal4PbvXGBt/8J1s5PubzZEIeLLzRH/Ub/xDZYxGUoOhdq2cg180fpT7VsgMwiiVKaJwomOvLoR14es7VdzyTxrLuu06JchfVhc+e6W3Si2SrMM35U5vH/wh2MeKiOKkDPCU2ESGg3ixWmMOM8CUJDJaipeKdsG94bCEkTVkWeKm7Ku+Q==
JuBf+D59qO+w3WueggRE5muo6Zlg9sDpvPzXueuyQLV146XzNqqqNlhZN5Z/d1sFO/1205Tdx549sIoyVMTLHoApLPSoZWzFBQ19K1lyEFXclqfR+5Ty9H/80Jxif+74Du6Mmzt4XCYJtXEzLCj9GeOrMkTNbY0sOR+pGkMj7OImOKmKwSdOK/O9oa7U
WpdebmTzcSDzglBggpemGPqAhOXohiQhQr2WVPLmzzuxpytTv8q2Wl0EcXKjNRtPIjFCnBYRQiFeRJoZp99sBcfLqXRbNuucuO+B9aiEuYaG5ch++iuMd0XBnHeA36P2upvq2APaU0lCYq1qNbHMUN86sFh58qr2+SMm//aa0qxFKQfCq6qu0Q==
YxeuEx7nIBy7tLLvX6i6B4v68W/98WpjgtI2LjVoITb7aTtYKj1yuC4tgpX26AqdP0OM0Q8HWZCjyutoUANRMXBYGRIOaXjaQpfMQ23tjHOYw8Oi8teavHum0z0qDv0ube3sRNc2gHxBzmpCUY+2e24GMniN5fcmU1auJQ==
Kz0lT8mgd6r9jEKxrB4dBFNZ4ZiKEgDgs1aJm82dnVGw47bcwIZr/PxSIkhdRsZlCsSuSUod0+GLq6+exo36uqHh3di0rOlwpvwUM7jgCOKqq/3U+r6fWYfz2sTrAcWH9PRr4Qu0b1PfejUv+rpgdA86R4vo8yVRV64i
NnzKLmGoK72shOziy1hID4n68X7/525jgtI2LjVoITb7aTtWKj1yuC4tgpX26AqdP0OM0Q8HWZCjyutoUANRMXBYGRIOaXjaQpfMQ23tjHOYw8Oi8teavHum0z0qDv0ube3sRNc2gHxBzmpCUY+2e24GMniN5fcmU1auJQ==
vXFNQExvlx8sY5XC1/ekF1NZ546WDwDgs1aJm82dnVGw47jcwIZr/PxSIkhdRsZlCsSuSUod0+GLq6+exo36uqHh3di0rOlwpvwUM7jgCOKqq/3U+r6fWYfz2sTrAcWH9PRr4Qu0b1PfejUv+rpgdA86R4vo8yVRV64i
3OIlBKA/uSrcsYKrGKlsRVNZ5piECgDgs1aJm82dnVGw47HdwIZr/PxSIkhdRsZlCsSuSUod0+GLq6+exo36uqHh3di0rOlwpvwUM7jgCOKqq/3U+r6fWYfz2sTrAcWH9PRr4Qu0b1PfejUv+rpgdA86R4vo8yVRV64i
poNqo75/xkE0DO+5wuUEKVpNYWhhDIQ5FscmR6mr5pIWOmcxUm0sAN5/bmB+xcwNXKxdm2poSi3Ufq2N2oRmPsUgMrIsVHP+aPlktOBVRCUdPWUrQUIItfSm75GzRBoUx2yoHNrvFlimvsTb84i0BhHFaTM02OU5i9t6hAW9JYxBjxGau7NUgk5oYUoJF2ZL6425rsw=
hwqykBSwOdlgxJMvr4qMwnQQhCwn1ZZ5htS6tNrgtXVFKLLeJqkwSZYfb8qKJIlV4N3hsZKvRShsY3k2usT7M2sYMeC0AUCUhE14NRE1YStFSgSlyL6LsZe8xiSLJOzcHidaKPoGIDtXEMiWnU3ts7BQaal3Q97kYQX5fI3HVdp/e5iyEhBFau0PWlvnhb2uyA==
NN5PmrBT9pU3vNLO8ZTFGnQQhCwn1ZZ5htS6tNrgtXVFKLLeJqkwSZYfb8qKJIlV4N3hsZKvRShsY3k2usT7M2sYMeC0AUCUhE14NRE1YStFSgSlyL6LsZe8xiSLJOzcHidaKPoGIDtXEMiWnU3ts7BQaal3Q97kYQX5fI3HU9l/e5iyEhBFau0PWlvnhb2uyA==
EJkceLXFlnKfLyVVFCB6JnQQhCwn1ZZ5htS6tNrgtXVFKLLeJqkwSZYfb8qKJIlV4N3hsZKvRShsY3k2usT7M2sYMeC0AUCUhE14NRE1YStFSgSlyL6LsZe8xiSLJOzcHidaKPoGIDtXEMiWnU3ts7BQaal3Q97kYQX5fI3HV99/e5iyEhBFau0PWlvnhb2uyA==
RX1Nl93Fm81xab6MjeCUGXQQhCwn1ZZ5htS6tNrgtXVFKLLeJqkwSZYfb8qKJIlV4N3hsZKvRShsY3k2usT7M2sYMeC0AUCUhE14NRE1YStFSgSlyL6LsZe8xiSLJOzcHidaKPoGIDtXEMiWnU3ts7BQaal3Q97kYQX5fI3HV99/epiyEhBFau0PWlvnhb2uyA==
X/XOyaTXBnDyB/KffriBojZxA/6bTGIXJDojZgbS0hZVSmaaYh6w2ngrJMXdh9fLPJH3udk7Vv1SV+rIo7xJ+JHoDmGv15lAQzrrmLDTkeHQ6Jmirjk4iiLnzDMNvcwjOHNDElIHWmybVtPNyt49/s1dbPR3ZsAsIb9qMjPf9ivOtrLILTU39rOmrtU=
