hrmZi4EQap6jNAfRbrqIBKK6fAoq+ZmDq9ORmGd+jS8jziXE81Q52opDobMia2DWaC8Wb2YijgDmOh9daYVDy6FGPukaXYOB+6vf/pbNqhoxYW14BGzZULb8BNNIIPgCWittNCp+T3m38+rku0GV52R0G4F79B8zz3klCMr619S/u9crODP1sbaj0Q==
52bnBYoHdp328MDV0Mp4wDAaTy/e2QC91MouqagsOIT6VrGr9b21Yfij8I9mJvNsZNK62MUmrjVChOY5In2rkfOr1+6+7ZLK6aGViNzMceA+fIyjIECgsuLrteTSnqdpv/Pi9NMh7bc8NKMxoxT3w0f5rbhiWo+kx/uPewAT3aG+o9k=
yhJ9/1gLXskyAIyEMP4rhJObfxYlq3jof/29q1sf4EzxJO1JMAg+X2dB/fCSeYqfK+2MmQMgLOfd76mCPXk0QXbIrnKjNEUWm78HFTcFsrMbSAauQbhu8vBMd+5MMSjUbN3gVdnFWSt9uszFUC5j8f+MPgTDdHRchneSyMJ2CPv/gFA2VX2Vs0hgIQnv03akSfXBHMUXzVnnrFCSbSCtq4Wfwruv9ZSj8w==
w7xU9cG9OugWS4EFHTrdnKc8o8LyeLSzEnqX53bs8abp7Ce/66rYzYpSwstiN1JGoieD9TxDm5nBGi9Ma+rUjdmr7M6JoLrXwHDuMWyhiQNkiWQ1M3AmCUJ2t2ATf25AtXQxu7w2o0j4Fi2oCWByoZ5GUjADapn77yxfQaMk
1NvBdWtMmQS+Zl5I9UKTmmKWq/ncGEYCSRxsifk2oei7CXx7woNzMvYYGUI5KO+Ly5/QyZo2qr8iQzoiMqMLQZz3U10R/se4ax48aQlvJHopFDJTUBSGRSzV4Wd0jWwBE0TuzZKSX5STi4akZbD5j5wCq0zockXcSRQaxQ7C2oSj3lE/P8i3taPQ
Miqg4GJYEnSwoUoq7MIyv2KWq/ncGEYCSRxsifk2oei7GHR1xIxyYPYYGUI5KO+Ly5DQyZo2qr8iQzoiMqMLQZz3U10R/se4ax48aQlvJHopFDJTUBSGRSzV4Wd0jWwBE0TuzZKSX5STi4akZbD5j5wCq0zockXcSRQaxQ7C2oSj3lE/P8i3taPQ
YF6qL2L049+gn4zvbJeB58wjETBLwNMbMbLerdPqjHyNYYi+wsLj3cwcblYNWMpLaZbivtoMORbGiY70doyxBmkM55/rxZhtCrIC62IXEiYih0MVPGPb+UG676xrChQtWcus7olAendAEK4RbIFJ4+QpJFUzUObpwtb3ABMfLuA1lPGbvFbj6Hj27YgJQDLBHuaS0ANK2ZtvjJ+ho8Q=
ihQd24hn4CqA2xdL9B5OS18kLBlgNJPxrewOUdQyX0GSFE/yaoTBFvv/p5WXRdKz849kLuF4TvKQjJdu7HEI1EydgNU5BXkrXXosRTBuQ/HfzJ6EI7QUXKa3Mkiituj7n8DwtvU99bOooIGJTxOWpCm1IZxlV+1ZB+wwEs3gjaulXyI7z7W0o9M=
9iLF7PfCEMVWVvqWRu3CLYnoNBFEqiwVBGUORgpFIigvxlMcV60XFEMyruR2nJH2qVyHL2s9OT1KguL7YgdyFuJX42W80zspAcrPvGsaNF0ZG0xeCTDap4AgzgFskanTpHmEpbPghrkCJtcQEw8OEPXEkSs8pkO4OMYNmAlQUvHeNjKgg/o5Sy/8v7Gj1A==
KQid6jxIzVPvQjzWkJz99P+pdho28ZrQsdGPiHQ5kQwjwyWrlTpQwINWubsdXU2xIGNDOz5GmxzsUjJobYZ2xbpEPukaXYOB+6vf/pbNqhoxYW14BGzZULb8BNNIIPgCWittNCp+T3m38+rku0GV52R0G4F79B8zz3klCMr619S/u9crODP1sbaj0Q==
iYVEskVrdLSX/v3NeBKeeuWdns6KzbJQT57j1IhvqZ4mQb7sdpSBzomEd+er94llKvpyc+KP4u4Cj1Mt/JtLcSHy37RrEiRlOUM8Fkl4an9g2F6J7Bk5q8QhNG1zKHZhIh7HGBMHHijVHGHj/G7z4Fi+nRCJ2MIJPu6C6MOySRMPxK+5o9w=
L+dQgge0CNZ6PNVW4AKEIW9KpL9Zp5qHYerqRzXGqBbz77/1/zWq86LdzI5ZyMZyGHxvjgSh0BR0raj1IRVxK1VqNGUYXnsxBxx2ZNtEnNwuB4roCuawu+ewmNbtLf2zoLCZaafjbmTxZYk83edl2Y+cSHKlsNXrnW8KG9elvKPb
KWQXzNjq9YE7SoRvcqLlPP7mjhastxFN9zoJFDdtZMfLhIMqAN+n0fszs5t25RZ49gApatnAP7OL4YBhOt5aJ6LbSkqSC9u5XM8DNXHW96BrBgxBaQd0Quns4vvwfPbdrE0Rj9QlPHlTfD4lcrpvjJOTtoyFWCm33Hr75EiatUTJjGqtrmoKfGPmAVdf4Ieto8g=
QpYFhkFEKUf4q2lFbyC6UFMlIBR5ddq5svtXXJhtAxOQDQ7yaoTBFvv/p5WXRdKz8o5kLuF4TvKQjJdu7HEI1EydgNU5BXkrXXosRTBuQ/HfzJ6EI7QUXKa3Mkiituj7n8DwtvU99bOooIGJTxOWpCm1IZxlV+1ZB+wwEs3gjaulXyI7z7W0o9M=
7bkZWnTUaFo5pxlhDZ2sULwwtK5w/6ik0i3D6D1bOiNocl+VYJpRaAspPeMU6XnOwy66ciLbcNKVRUqCSZct8xUdf9CmLZzp2Qro4lKqjFW343Dxmmr/b3eq+UtCuGUjSt3Rv576D+gzv2ni+kvycUfFmyORqSCRTyvC1tObBRZTL99133VK8wwfow55iCZyuLwPDiThMBTUbch1AVWRK7UqFOV4ntsx51xW5LuEPNzOR6poaiYQuwfwuFaN7V2zAPB56YcjDmRRJWm8/ScF2S/cqPKFcLXrPS/qm/dl3KO7
C+oiS46tyk0s3UGPn279C7TDD4gD7B8nQKt29KRpBGTcnXIEp2P8SVu+EpKaq7gS3RWSoiGn1fNtLZfw/v1UqZH6UIL6OhTVL3MYUWLat6+/+qGrashdI3Kt+V/Gqscoew+RQpLbavHfVTNDKVlo0Yf7mvY7q30Wqx+3VQclAjPDaRvu0Ri+8iAs565cUfhUnL0QFSmlqSuN2jyFoE6TcS/sLkRTFKRcVtcCiNJW2HtPoGB25d2ls3jAkcnf88YkGdXR3FW3nVm3TMBSfcD9K/V/snvfFeSjgw==
enhq3tin2oIDb3lspl5Z9uOVmmoBJ1mCwis8sdal4PbvXGBt/8J1s5PubzZEIeLLzRH/Ub/xDZYxGUoOhdq2cg180fpT7VsgMwiiVKaJwomOvLoR14es7VdzyTxrLuu06JchfVhc+e6W3Si2SrMM35U5vH/wh2MeKiOKkDPCU2ESGg3ixWmMOM8CUJDJaileLtsG8IbCE0TVkWeKm6Oj+g==
XLz+/bgFqjdY7ezSbyEnNmuo6Zlg9sDpvPzXueuyQLV146XzNqqqNlhZN5Z/d1sFO/1205Tdx549sIoyVMTLHoApLPSoZWzFBQ19K1lyEFXclqfR+5Ty9H/80Jxif+74Du6Mmzt4XCYJtXEzLCj9GeOrMkTNbY0sOR+pGUMk7OIhOKmLwSdOK/O9sKPX
KC13hU20ewSeouthIB2So/qAhOXohiQhQr2WVPLmzzuxpytTv8q2Wl0EcXKjNRtPIjFCnBYRQiFeRJoZp99sBcfLqXRbNuucuO+B9aiEuYaG5ch++iuMd0XBnHeA36P2upvq2APaU0lCYq1qNbHMUN86sFh58qn2/iMm+Paa06xFKQfCq7uj0g==
5pCeJEai9WCgFsTg/IrSFov68W/98WpjgtI2LjVoITb7aTtYKj1yuC4tgpX26AqdP0OM0Q8HWZCjyutoUANRMXBYGRIOaXjaQpfMQ23tjHOYw8Oi8teavHum0z0qDv0ube3sRNc2gHxBzmlCVo+2fG4GM3iN5fcmU0ejJg==
K1UdmFXlLvKPY8NDG1QlR1NZ4ZiKEgDgs1aJm82dnVGw47bcwIZr/PxSIkhdRsZlCsSuSUod0+GLq6+exo36uqHh3di0rOlwpvwUM7jgCOKqq/3U+r6fWYfz2sTrAcWH9PRr4Qu0b1PfeTUo+rpndA87R4vo8yVRRqMh
SelA79HNfLx/0+XfP96J84n68X7/525jgtI2LjVoITb7aTtWKj1yuC4tgpX26AqdP0OM0Q8HWZCjyutoUANRMXBYGRIOaXjaQpfMQ23tjHOYw8Oi8teavHum0z0qDv0ube3sRNc2gHxBzmlCVo+2fG4GM3iN5fcmU0ejJg==
f7wNBZGwOLB9u0ch1O3MtVNZ546WDwDgs1aJm82dnVGw47jcwIZr/PxSIkhdRsZlCsSuSUod0+GLq6+exo36uqHh3di0rOlwpvwUM7jgCOKqq/3U+r6fWYfz2sTrAcWH9PRr4Qu0b1PfeTUo+rpndA87R4vo8yVRRqMh
LS/Ss8QepmPLhF+MoKdenlNZ5piECgDgs1aJm82dnVGw47HdwIZr/PxSIkhdRsZlCsSuSUod0+GLq6+exo36uqHh3di0rOlwpvwUM7jgCOKqq/3U+r6fWYfz2sTrAcWH9PRr4Qu0b1PfeTUo+rpndA87R4vo8yVRRqMh
k4qWXmm4nOcBjtUxzKHka1pNYWhhDIQ5FscmR6mr5pIWOmcxUm0sAN5/bmB+xcwNXKxdm2poSi3Ufq2N2oRmPsUgMrIsVHP+aPlktOBVRCUdPWUrQUIItfSm75GzRBoUx2yoHNrvFlimvsTb84i0BhHFaTM02OU5i9t6hAW9JYxBjxGZu7RUgkloYUsJF2ZL642oo88=
vyLo3niz9MhV7OZeSy3t9HQQhCwn1ZZ5htS6tNrgtXVFKLLeJqkwSZYfb8qKJIlV4N3hsZKvRShsY3k2usT7M2sYMeC0AUCUhE14NRE1YStFSgSlyL6LsZe8xiSLJOzcHidaKPoGIDtXEMiWnU3ts7BQaal3Q97kYQX5fI3HVdl/fJiyFRBFa+0PWlvnhayjyw==
XF8D+IHjyrNTv4fLwMZ6AHQQhCwn1ZZ5htS6tNrgtXVFKLLeJqkwSZYfb8qKJIlV4N3hsZKvRShsY3k2usT7M2sYMeC0AUCUhE14NRE1YStFSgSlyL6LsZe8xiSLJOzcHidaKPoGIDtXEMiWnU3ts7BQaal3Q97kYQX5fI3HXt9/f5iyFxBFa+0PWlvnhayjyw==
IIGW8W3n6wqjgXfxtzCC7TZxA/6bTGIXJDojZgbS0hZVSmaaYh6w2ngrJMXdh9fLPJH3udk7Vv1SV+rIo7xJ+JHoDmGv15lAQzrrmLDTkeHQ6Jmirjk4iiLnzDMNvcwjOHNDElIHWmybVtPNyt49/s1dbPR3ZsAsIb1pMjTf9i7OtrPILTU39rO3o9Y=
