q9vHSbwSk79QOL4cH4mJsaK6fAoq+ZmDq9ORmGd+jS8jziXE81Q52opDobMia2DWaC8Wb2YijgDmOh9daYVDy6FGPukaXYOB+6vf/pbNqhoxYW14BGzZULb8BNNIIPgCWittNCp+T3m38+rku0GV52R0G4F79B8zy3olCcr61de/tNcrODP1sbez0g==
6GTXRFSKBcMVJlg04H3hGzAaTy/e2QC91MouqagsOIT6VrGr9b21Yfij8I9mJvNsZNK62MUmrjVChOY5In2rkfOr1+6+7ZLK6aGViNzMceA+fIyjIECgsuLrteTSnqdpv/Pi9NMh7bc8NKMxoxT3w0P6rbliWo2nx/SPewAT3aG/s9o=
5lIoJSMceAvlEOjF7r6vjpObfxYlq3jof/29q1sf4EzxJO1JMAg+X2dB/fCSeYqfK+2MmQMgLOfd76mCPXk0QXbIrnKjNEUWm78HFTcFsrMbSAauQbhu8vBMd+5MMSjUbN3gVdnFWSt9uszFUC5j8f+MPgTDdHRchneSyMJ2CPv/gFA2VX2Vs0hgIQnv03akSfXBHMUXyVrnrVCSbyOtpIWfwruv9ZWz8A==
giFadvflZpUAz60eXEH336c8o8LyeLSzEnqX53bs8abp7Ce/66rYzYpSwstiN1JGoieD9TxDm5nBGi9Ma+rUjdmr7M6JoLrXwHDuMWyhiQNkiWQ1M3AmCUJ2t2ATf25AtXQxu7w2o0j4Fi2sCmBzoZ5EUTAMapn77yxfQLMn
rVeGBG63rM9JNX3LCGFkomKWq/ncGEYCSRxsifk2oei7CXx7woNzMvYYGUI5KO+Ly5/QyZo2qr8iQzoiMqMLQZz3U10R/se4ax48aQlvJHopFDJTUBSGRSzV4Wd0jWwBE0TuzZKSX5STi4akZbD5j5wCq0zockXYShQbxQ7A2YSs3lE/P8i3tLPT
f74673XwSIC+Uov+mmIHFmKWq/ncGEYCSRxsifk2oei7GHR1xIxyYPYYGUI5KO+Ly5DQyZo2qr8iQzoiMqMLQZz3U10R/se4ax48aQlvJHopFDJTUBSGRSzV4Wd0jWwBE0TuzZKSX5STi4akZbD5j5wCq0zockXYShQbxQ7A2YSs3lE/P8i3tLPT
o9HkDJoqdSq5VUqFe5kuPcwjETBLwNMbMbLerdPqjHyNYYi+wsLj3cwcblYNWMpLaZbivtoMORbGiY70doyxBmkM55/rxZhtCrIC62IXEiYih0MVPGPb+UG676xrChQtWcus7olAendAEK4RbIFJ4+QpJFUzUObpwtb3ABMfLuA1lPGbvFbj6Hj27YwKQDPBHuSR0AxK2ZtvjJ+gs8c=
t+g/GkWGrHGigTOB0T4EFF8kLBlgNJPxrewOUdQyX0GSFE/yaoTBFvv/p5WXRdKz849kLuF4TvKQjJdu7HEI1EydgNU5BXkrXXosRTBuQ/HfzJ6EI7QUXKa3Mkiituj7n8DwtvU99bOooIGJTxOWpCm1IZxlV+laB+0wEs/jjaSlXyI7z7W1s9A=
/nSa7z4lSFUWdciQuHHD4onoNBFEqiwVBGUORgpFIigvxlMcV60XFEMyruR2nJH2qVyHL2s9OT1KguL7YgdyFuJX42W80zspAcrPvGsaNF0ZG0xeCTDap4AgzgFskanTpHmEpbPghrkCJtcQEw8OEPXEkSs8pkO4OMYNnApQU/HeNDGgjPo5Sy/8v7Cz1w==
XPfIVYR8rwdCmPTs05BpA/+pdho28ZrQsdGPiHQ5kQwjwyWrlTpQwINWubsdXU2xIGNDOz5GmxzsUjJobYZ2xbpEPukaXYOB+6vf/pbNqhoxYW14BGzZULb8BNNIIPgCWittNCp+T3m38+rku0GV52R0G4F79B8zy3olCcr61de/tNcrODP1sbez0g==
so3OJd3G3HNd5prLyS2a0eWdns6KzbJQT57j1IhvqZ4mQb7sdpSBzomEd+er94llKvpyc+KP4u4Cj1Mt/JtLcSHy37RrEiRlOUM8Fkl4an9g2F6J7Bk5q8QhNG1zKHZhIh7HGBMHHijVHGHj/G7z4Fi+nRSK2MMJPuyB6MyySRMPxK+4s98=
7zdnfZ3heupPH8NaQ+e5Ym9KpL9Zp5qHYerqRzXGqBbz77/1/zWq86LdzI5ZyMZyGHxvjgSh0BR0raj1IRVxK1VqNGUYXnsxBxx2ZNtEnNwuB4roCuawu+ewmNbtLf2zoLCZaafjbmTxZYk83edh2o+dSHKns9XknW8KG9elvbPY
zmLzl4A+tD3fBgPFsYGr9/7mjhastxFN9zoJFDdtZMfLhIMqAN+n0fszs5t25RZ49gApatnAP7OL4YBhOt5aJ6LbSkqSC9u5XM8DNXHW96BrBgxBaQd0Quns4vvwfPbdrE0Rj9QlPHlTfD4lcrpvjJOTtoyFWCm33Hr75EiatUDKjGutrmgJfGzmAVdf4Iess8s=
+ZyNCjB4Kh2AauGCTW4kU1MlIBR5ddq5svtXXJhtAxOQDQ7yaoTBFvv/p5WXRdKz8o5kLuF4TvKQjJdu7HEI1EydgNU5BXkrXXosRTBuQ/HfzJ6EI7QUXKa3Mkiituj7n8DwtvU99bOooIGJTxOWpCm1IZxlV+laB+0wEs/jjaSlXyI7z7W1s9A=
ujVLtbCyDBwRpCdaTCvPi7wwtK5w/6ik0i3D6D1bOiNocl+VYJpRaAspPeMU6XnOwy66ciLbcNKVRUqCSZct8xUdf9CmLZzp2Qro4lKqjFW343Dxmmr/b3eq+UtCuGUjSt3Rv576D+gzv2ni+kvycUfFmyORqSCRTyvC1tObBRZTL99133VK8wwfow55iCZyuLwPDiThMBTUbch1AVWRK7UqFOV4ntsx51xW5LuEPNzOR6poaiYQuwfwuFaN7V2zAPB56YcjDmRRJWm8/ScB2i/dqPKHc7XkPS/qm/dl3bO4
9zvnpAmd/rGbHYvdfnA7GbTDD4gD7B8nQKt29KRpBGTcnXIEp2P8SVu+EpKaq7gS3RWSoiGn1fNtLZfw/v1UqZH6UIL6OhTVL3MYUWLat6+/+qGrashdI3Kt+V/Gqscoew+RQpLbavHfVTNDKVlo0Yf7mvY7q30Wqx+3VQclAjPDaRvu0Ri+8iAs565cUfhUnL0QFSmlqSuN2jyFoE6TcS/sLkRTFKRcVtcCiNJW2HtPoGB25d2ls3jAkcnf88YkGdXR3FW3mVq3TcBSf8P9JPV/snvfFeWzgA==
K+wAqx877z9utrTP9BBbV+OVmmoBJ1mCwis8sdal4PbvXGBt/8J1s5PubzZEIeLLzRH/Ub/xDZYxGUoOhdq2cg180fpT7VsgMwiiVKaJwomOvLoR14es7VdzyTxrLuu06JchfVhc+e6W3Si2SrMM35U5vH/wh2MeKiOKkDPCU2ESGg3ixWmMOM8CUJDJbipeL9sG8oXCHETVkWeKm6Kz+Q==
atDGnSS8gAx+nfoXBDueK2uo6Zlg9sDpvPzXueuyQLV146XzNqqqNlhZN5Z/d1sFO/1205Tdx549sIoyVMTLHoApLPSoZWzFBQ19K1lyEFXclqfR+5Ty9H/80Jxif+74Du6Mmzt4XCYJtXEzLCj9GeOrMkTNbY0sOR+tGkMl7OIjO6mEwSdOK/O9sbPU
feINZg+/arJ/pboE9htxH/qAhOXohiQhQr2WVPLmzzuxpytTv8q2Wl0EcXKjNRtPIjFCnBYRQiFeRJoZp99sBcfLqXRbNuucuO+B9aiEuYaG5ch++iuMd0XBnHeA36P2upvq2APaU0lCYq1qNbHMUN86sFh59qr2/yMm+vWa3KxFKQfCq7qz0Q==
hQm20EaWXrw/fFImxHx7WYv68W/98WpjgtI2LjVoITb7aTtYKj1yuC4tgpX26AqdP0OM0Q8HWZCjyutoUANRMXBYGRIOaXjaQpfMQ23tjHOYw8Oi8teavHum0z0qDv0ube3sRNc2gHxBympCV4+2fm0GPHiN5fcmU0azJQ==
PiY68sRuVzbOSJUCm43+u1NZ4ZiKEgDgs1aJm82dnVGw47bcwIZr/PxSIkhdRsZlCsSuSUod0+GLq6+exo36uqHh3di0rOlwpvwUM7jgCOKqq/3U+r6fWYfz2sTrAcWH9PRr4Qu0b1PbejUp+rpldw80R4vo8yVRR7Mi
HqNoDfv16hfacUg09VgtbYn68X7/525jgtI2LjVoITb7aTtWKj1yuC4tgpX26AqdP0OM0Q8HWZCjyutoUANRMXBYGRIOaXjaQpfMQ23tjHOYw8Oi8teavHum0z0qDv0ube3sRNc2gHxBympCV4+2fm0GPHiN5fcmU0azJQ==
XAKc5GJi6PMjuubMc4bXcFNZ546WDwDgs1aJm82dnVGw47jcwIZr/PxSIkhdRsZlCsSuSUod0+GLq6+exo36uqHh3di0rOlwpvwUM7jgCOKqq/3U+r6fWYfz2sTrAcWH9PRr4Qu0b1PbejUp+rpldw80R4vo8yVRR7Mi
FpzMUpt2LH10Vn7VEFdkgVNZ5piECgDgs1aJm82dnVGw47HdwIZr/PxSIkhdRsZlCsSuSUod0+GLq6+exo36uqHh3di0rOlwpvwUM7jgCOKqq/3U+r6fWYfz2sTrAcWH9PRr4Qu0b1PbejUp+rpldw80R4vo8yVRR7Mi
k6MXKaw0UQFzXK0I0FJizFpNYWhhDIQ5FscmR6mr5pIWOmcxUm0sAN5/bmB+xcwNXKxdm2poSi3Ufq2N2oRmPsUgMrIsVHP+aPlktOBVRCUdPWUrQUIItfSm75GzRBoUx2yoHNrvFlimvsTb84i0BhHFaTM02OU5i9t6hAW9JYxBjxWau7VUgktrYUQJF2ZL642ps8w=
mOM8BJCf1fVV8ydcM4pLCHQQhCwn1ZZ5htS6tNrgtXVFKLLeJqkwSZYfb8qKJIlV4N3hsZKvRShsY3k2usT7M2sYMeC0AUCUhE14NRE1YStFSgSlyL6LsZe8xiSLJOzcHidaKPoGIDtXEMiWnU3ts7BQaal3Q97kYQX5fI3HUdp/fZiyFxNFZO0PWlvnha2zyA==
1IyJpZncwh0h6kgWt0+9N3QQhCwn1ZZ5htS6tNrgtXVFKLLeJqkwSZYfb8qKJIlV4N3hsZKvRShsY3k2usT7M2sYMeC0AUCUhE14NRE1YStFSgSlyL6LsZe8xiSLJOzcHidaKPoGIDtXEMiWnU3ts7BQaal3Q97kYQX5fI3HXth/d5myFRFFa+0PWlvnhayjyw==
s1o4PFcj3aIDgam9q/XBNjZxA/6bTGIXJDojZgbS0hZVSmaaYh6w2ngrJMXdh9fLPJH3udk7Vv1SV+rIo7xJ+JHoDmGv15lAQzrrmLDTkeHQ6Jmirjk4iiLnzDMNvcwjOHNDElIHWmybVtPNyt49/s1dbPR3ZsAsIb5qMjze9izPtrPILTU39rO3o9Y=
