OeLwZRPLB9q4ohK8MY/AwaK6fAoq+ZmDq9ORmGd+jS8jziXE81Q52opDobMia2DWaC8Wb2YijgDmOh9daYVDy6FGPukaXYOB+6vf/pbNqhoxYW14BGzZULb8BNNIIPgCWittNCp+T3m38+rku0GV52R0G4F79B8zzXolD8r60NS/utcrODP1saeu0g==
R9GIbnLxK+cBZ3wV++glOjAaTy/e2QC91MouqagsOIT6VrGr9b21Yfij8I9mJvNsZNK62MUmrjVChOY5In2rkfOr1+6+7ZLK6aGViNzMceA+fIyjIECgsuLrteTSnqdpv/Pi9NMh7bc8NKMxoxT3w0X6rb9iWoikx/qPewAT3aGvrto=
i4gHaj/2+dQOxsjLnMnSypObfxYlq3jof/29q1sf4EzxJO1JMAg+X2dB/fCSeYqfK+2MmQMgLOfd76mCPXk0QXbIrnKjNEUWm78HFTcFsrMbSAauQbhu8vBMd+5MMSjUbN3gVdnFWSt9uszFUC5j8f+MPgTDdHRchneSyMJ2CPv/gFA2VX2Vs0hgIQnv03akSfXBHMUXz1rnq1CSaiCtqoWfwruv9YWu8A==
w5fh6d4SAjmKvRZo4ICmq6c8o8LyeLSzEnqX53bs8abp7Ce/66rYzYpSwstiN1JGoieD9TxDm5nBGi9Ma+rUjdmr7M6JoLrXwHDuMWyhiQNkiWQ1M3AmCUJ2t2ATf25AtXQxu7w2o0j4Fi2qCmB1oZ5BUjACapn77yxfUK4n
xasd3yA1ejgZyVUwy0Zf3WKWq/ncGEYCSRxsifk2oei7CXx7woNzMvYYGUI5KO+Ly5/QyZo2qr8iQzoiMqMLQZz3U10R/se4ax48aQlvJHopFDJTUBSGRSzV4Wd0jWwBE0TuzZKSX5STi4akZbD5j5wCq0zockXeShQdxQ7F2oSi3lE/P8i3pK7T
JvdQMFGKQla0b1SPT0yeOmKWq/ncGEYCSRxsifk2oei7GHR1xIxyYPYYGUI5KO+Ly5DQyZo2qr8iQzoiMqMLQZz3U10R/se4ax48aQlvJHopFDJTUBSGRSzV4Wd0jWwBE0TuzZKSX5STi4akZbD5j5wCq0zockXeShQdxQ7F2oSi3lE/P8i3pK7T
bQJrXnzAkv40BOP83l/viswjETBLwNMbMbLerdPqjHyNYYi+wsLj3cwcblYNWMpLaZbivtoMORbGiY70doyxBmkM55/rxZhtCrIC62IXEiYih0MVPGPb+UG676xrChQtWcus7olAendAEK4RbIFJ4+QpJFUzUObpwtb3ABMfLuA1lPGbvFbj6Hj27YoKQDXBHuGS0AJK2ZtvjJ+wrsc=
ZY/DA2+ABjVlXBsjGpzkrV8kLBlgNJPxrewOUdQyX0GSFE/yaoTBFvv/p5WXRdKz849kLuF4TvKQjJdu7HEI1EydgNU5BXkrXXosRTBuQ/HfzJ6EI7QUXKa3Mkiituj7n8DwtvU99bOooIGJTxOWpCm1IZxlV+9aB+swEsrgjaqlXyI7z7WlrtA=
uzASk4yo+mnoxAjC1WrWWonoNBFEqiwVBGUORgpFIigvxlMcV60XFEMyruR2nJH2qVyHL2s9OT1KguL7YgdyFuJX42W80zspAcrPvGsaNF0ZG0xeCTDap4AgzgFskanTpHmEpbPghrkCJtcQEw8OEPXEkSs8pkO4OMYNmgpQVfHeMTKggvo5Sy/8v6Cu1w==
t0cnLWtrSMEuhrg9wqqEnf+pdho28ZrQsdGPiHQ5kQwjwyWrlTpQwINWubsdXU2xIGNDOz5GmxzsUjJobYZ2xbpEPukaXYOB+6vf/pbNqhoxYW14BGzZULb8BNNIIPgCWittNCp+T3m38+rku0GV52R0G4F79B8zzXolD8r60NS/utcrODP1saeu0g==
3iGFfQl5hvJyqlrOrl4rnOWdns6KzbJQT57j1IhvqZ4mQb7sdpSBzomEd+er94llKvpyc+KP4u4Cj1Mt/JtLcSHy37RrEiRlOUM8Fkl4an9g2F6J7Bk5q8QhNG1zKHZhIh7HGBMHHijVHGHj/G7z4Fi+nRKK2MUJPumC6MKySRMPxK+ort8=
M15YqHdpc23QunCjCut0vm9KpL9Zp5qHYerqRzXGqBbz77/1/zWq86LdzI5ZyMZyGHxvjgSh0BR0raj1IRVxK1VqNGUYXnsxBxx2ZNtEnNwuB4roCuawu+ewmNbtLf2zoLCZaafjbmTxZYk83edn2o+bSHKisNXqnW8KG9elra7Y
LcBdevclZGFemqxdO4bHdFMlIBR5ddq5svtXXJhtABOQDQ7yaoTBFvv/p5WXRdKz8o5kLuF4TvKQjJdu7HEI1EydgNU5BXkrXXosRTBuQ/HfzJ6EI7QUXKa3Mkiituj7n8DwtvU99bOooIGJTxOWpCm1IZxlV+9aB+swEsrgjaqlXyI7z7WlrtA=
+suon4m28NfBjeYrFDnJOLwwtK5w/6ik0i3D6D1bOiNocl+VYJpRaAspPeMU6XnOwy66ciLbcNKVRUqCSZct8xUdf9CmLZzp2Qro4lKqjFW343Dxmmr/b3eq+UtCuGUjSt3Rv576D+gzv2ni+kvycUfFmyORqSCRTyvC1tObBRZTL99133VK8wwfow55iCZyuLwPDiThMBTUbch1AVWRK7UqFOV4ntsx51xW5LuEPNzOR6poaiYQuwfwuFaN7V2zAPB56YcjDmRRJWm8/ScH2i/bqPKCcLXqPS/qm/dlza64
/0J3MykSy5wyUNdcxbHBbrTDD4gD7B8nQKt29KRpBGTcnXIEp2P8SVu+EpKaq7gS3RWSoiGn1fNtLZfw/v1UqZH6UIL6OhTVL3MYUWLat6+/+qGrashdI3Kt+V/Gqscoew+RQpLbavHfVTNDKVlo0Yf7mvY7q30Wqx+3VQclAjPDaRvu0Ri+8iAs565cUfhUnL0QFSmlqSuN2jyFoE6TcS/sLkRTFKRcVtcCiNJW2HtPoGB25d2ls3jAkcnf88YkGdXR3FW3n1q3S8BSesD9KvV/snvfFfWugA==
nOAOAQ0xmV5wFq/V9Ub5YuOVmmoBJ1mCwis8sdal4PbvXGBt/8J1s5PubzZEIeLLzRH/Ub/xDZYxGUoOhdq2cg180fpT7VsgMwiiVKaJwomOvLoR14es7VdzyTxrLuu06JchfVhc+e6W3Si2SrMM35U5vH/wh2MeKiOKkDPCU2ESGg3ixWmMOM8CUJDJaCpeKdsG94bCEkTVkWeKm7Ku+Q==
LMpvgc5ySpEExyq2BhPV0EIJ9qiC1V62Xkmzq7YezIWumeDy51BweefeVde7Al9CfN2ijwXdrwVnLW0y2bU6un1mNvaF8EFuy3H7xJtkEqAe9QJNxvBqxY/bTMk/XzkIExLrsOCbMWlAQNmKvjEYwnJPTJtd9ewrKFsDusKP+iTLftPlmpaddl31LNxnbuBkcRTqmmGX1iPenvJgvb2XvuOOrv0=
BEZzFP22g/4KpeBe9GnhgOzkgRUE7WHFOeDpB9k6m1AAIB5gc2XT9PRhod1eIZnT9wJqMh6XTht40cL1qzMeRh+TwZYXJ5Plg20uE23h3/71QCKyPHQDPphZFDRw9RRlzd1VK3Gi2PWkBn8Rw+Tq1LdMuBzKjyaYFt50W2Po5MbB5RkzxPi1eVs76gS1XZXMcW8DmquTpMI+yJHKmbe2i7vtia78
x+L0kUWXXj/hzrA6lWmvgns7SeOYinzjK6ZccY5RiB/Un6Kf4PDjTnhz2yhFxa8sJ3iQ+4JtIaOH7zt7nQCte+LgMaB2tEEuCSQ3x6sWTwqqWrKT4u+iToJvE038u4vRoZKflGsyZAW54/w2SRgqn+B4Huns+fkLREH0jXMINsGi/gc4EyfeyFW8IcP8jjOA2B5d8oq4ham+CcKIwpKJs4+k74iu/w==
SwFc+fz/fX6rDbNJasBVC2uo6Zlg9sDpvPzXueuyQLV146XzNqqqNlhZN5Z/d1sFO/1205Tdx549sIoyVMTLHoApLPSoZWzFBQ19K1lyEFXclqfR+5Ty9H/80Jxif+74Du6Mmzt4XCYJtXEzLCj9GeOrMkTNbY0sOR+rGkMj7OImOKmKwSdOK/O9oa7U
lDp3xwbaLahwX2rtpzYFhfqAhOXohiQhQr2WVPLmzzuxpytTv8q2Wl0EcXKjNRtPIjFCnBYRQiFeRJoZp99sBcfLqXRbNuucuO+B9aiEuYaG5ch++iuMd0XBnHeA36P2upvq2APaU0lCYq1qNbHMUN86sFh58Kr2+SMm//aa0qxFKQfCq6qu0Q==
6Fgi6wIkSzoA0ih+Azim3ov68W/98WpjgtI2LjVoITb7aTtYKj1yuC4tgpX26AqdP0OM0Q8HWZCjyutoUANRMXBYGRIOaXjaQpfMQ23tjHOYw8Oi8teavHum0z0qDv0ube3sRNc2gHxBzGpCUY+2e24GMniN5fcmU1auJQ==
869UX4ZY0lbKUIt85VeMXlNZ4ZiKEgDgs1aJm82dnVGw47bcwIZr/PxSIkhdRsZlCsSuSUod0+GLq6+exo36uqHh3di0rOlwpvwUM7jgCOKqq/3U+r6fWYfz2sTrAcWH9PRr4Qu0b1PdejUv+rpgdA86R4vo8yVRV64i
G81mXjBdmsWHcByOZhgWkon68X7/525jgtI2LjVoITb7aTtWKj1yuC4tgpX26AqdP0OM0Q8HWZCjyutoUANRMXBYGRIOaXjaQpfMQ23tjHOYw8Oi8teavHum0z0qDv0ube3sRNc2gHxBzGpCUY+2e24GMniN5fcmU1auJQ==
tDZQpIAO9HXOyDfKCwKaPFNZ546WDwDgs1aJm82dnVGw47jcwIZr/PxSIkhdRsZlCsSuSUod0+GLq6+exo36uqHh3di0rOlwpvwUM7jgCOKqq/3U+r6fWYfz2sTrAcWH9PRr4Qu0b1PdejUv+rpgdA86R4vo8yVRV64i
7/7u2dSphhArDIy3ja5nl1NZ5piECgDgs1aJm82dnVGw47HdwIZr/PxSIkhdRsZlCsSuSUod0+GLq6+exo36uqHh3di0rOlwpvwUM7jgCOKqq/3U+r6fWYfz2sTrAcWH9PRr4Qu0b1PdejUv+rpgdA86R4vo8yVRV64i
Mc5sVsioV9XJHSKp2ouuQ9G7alYX6DxJUSJcGRcKZnsS5Wt1AeFJUBRx/rQ1n8PYrWG9cDBrZXgysc72IwR2GMxX42W80zspAcrPvGsaNF0ZG0xeCTDap4AgzgFskanTpHmEpbPghrkCJtcQEw8OEPXEkSs8pkO4OMYNmwpQVfHeMTKggvo5Sy/8v6Cu1w==
aKo/35nudYBxw6zWV7xjj9K3JEcT/nVXVT1aFQpDayk8wQVPSK0LAUkr/uR7kf7/oVv0PHA0OjtKguL7YgdyFuJX42W80zspAcrPvGsaNF0ZG0xeCTDap4AgzgFskanTpHmEpbPghrkCJtcQEw8OEPXEkSs8pkO4OMYNmQpQVfHeMTKggvo5Sy/8v6Cu1w==
CWoWqZn/OOmENdVB9qiKFje4rV5m8pb8orLIbox/rYWCMODaz9PneAQRAMwk5A1PdXXF0BdJdXD7BVab8Z886FogMj9aZsqvIlPa8nLTa/EcB/PtUa7nqGsOHDlJ34SKqaRSIxDEZlUsxYE3tH2MsZM0Tn1SQn+Ek5umdKUAWf8csku8KCIlzUoE/RVOtbo0Ii7xj3+Yl7Suww==
ziSQ/3axjTTeMuQxMgGEMp/klhUEqWHROJvpDp4KhXM1AzVCdVud8MUurdoXEsbB+wklOlCNCkRvzcLVq3pbbCy92owTNOmQ5VRkWXGkgpXGbALMG0EHPa1XDzZw9RRlzd1VK3Gi2PWkBn8Rw+Tq1LdMuBzKjyaYFt50W2Po5MbB5RkzxPi1eVs76gS1XZXMcW8AmquTpMI+yJHKmbe2i7vtia78
ziSQ/3axjTTeMuQxMgGEMp/klhUEqWHROJvpDp4KhXM1AzVCdVud8MUurdoXEsbB+wklOlCNCkRvzcLVq3pbbCy92owTNOmQ5VRkWXGkgpXGbALMG0EHPa1XDzZw9RRlzd1VK3Gi2PWkBn8Rw+Tq1LdMuBzKjyaYFt50W2Po5MbB5RkzxPi1eVs76gS1XZXMcW8AmquTpMI+yJHKmbe2i7vtia78
pFERXceM56HOk6CguUmYg98Te6SIm5Pv48bEmKqczxmrh1ehzu8Aen3jkiEH2zBcmMX2WteS5YJkNtdUKJL2oKG2Kr3eZBrx5k2Pif+r2/aa3VYCFUEJAFhcFZhyPMCbBFCkuv7LiayW7sPxM3NubDfRKX8AFL85pwTT+4s5YUeGygwsW5rzM0Qj+bmjrtY=
1nm4wnV9AbHHMu6Crqbvfzg7SLjITHkZYn8sfE/S2xBjAyfbRCyX/QsiO9O6senhKMqh74xlMuhOXYLllrhKzZ/zDGGv15lAQzrrmLDTkeHQ6Jmirjk4iiLnzDMNvcwjOHNDElIHWmybVtPNyt49/s1dbPR3ZsAsIb5pMjHf9ivOtrLILTU39rOmrtU=
A4LSqd487JM/+hJhAM5kxN/4242Yog+Y1FQMv6lj2N23iAxpRuYQl1yK23QIqlWRydwNnW79Kgzi1uHHH5AnbK4b
JHHxNQBpkecAQoSLUarg/hyrzqfl9NBktp70qN8cbH60soyls4gSxMR63fQL0wcrqsTasxvd8Th9Wc0uXtO0i7Yqi3Kvgre6QQq9xn4r6wFhov+kawIENXkznKbJiIrPIIg+mewJ2XsEkVQd85jWkeLO5wgTFz74FezBU3wek1CYbn0FicilWX5ZYhhCAuljT5SPuK7P
G75YxwzfI+O7exqkpkm50mk8ambRf4O7faKNWLzcclKEwmoaMgErCvP7aIOs2hQP9AECbQRSKKF2i8Bthy9GL5XCfG7ovg3JLG9ePUKFZJYt/dvTRoWFkE7hx9mOKFL6N3lC7wce0VLIuYS0gJWkpb39RSthgqg1FGaPkVMEupRnLIgcuq/22MZ+5NvTSBSG8QUJM9SYhbkrm1qEJf3FDCFP+5mbc/QC7qgBSulXBstLzZmu7A==
MVRXGpyISwlOOw40z2PcvR5hpJUnE6jvXt87ajVlP4YeKiey9ikh7+/oJFluRv0NpHTbATv037MFeWWPCvoQVP+6F6v4M7UxZ64S
mljMuWSFlP8TbtGIHMFaQjfV4vL36NM2V8nVOpp5U2epHx8aHX/Ntemwg0BOVRSlRuRRb28l1JRBTSVcOzqu3ahyWBdPYmB6teI6BHXdVcwx70uZ6xPkwn5I0crZN3aLe21Jrjw=
pxBofyirsjK6AU+KETDCo/aEJ1eNrSoBhh6IHc/VDwesVF1eWt65kPkuSkoYFZvhkQm2gJ9cU/lIlmdcdNDki7mXkHk3LESdVtL4E/xOs0DY3t06ifgF6b5JQsjC0glzj2RvSK4/
iYuOB6bsvBA/a3LZozqsjRd+YCxRRiViWuLBrAkSMvb4qeNdYbXOPF9gK8W4qh9glOycN0kr6MW3kDwhpm6ALxxyy3wo4qUGSUR9VU71OnQibnFPf1gXdK4D
5H7jbL1eC+mp7V0rSKOYcyppy9cvmVEZQ08tZlrmybgZBhoS2M3LiTHhBvgfpOOR6H63BDQINKPZv2BBNxS0tTb6KMu8FmOoeLZtwgmAtQEeIRIQAopZW29MH3CuBw==
r6u6K54Dgfx73QJ80Gc+cgNa5PIeq3ADdE8tZlrmybgZBhoS2M3LiTHhBvgfpOOR6H63BDQINKPZv2BBNxS0tTb6KMu8FmOoeLZtwgmAtQEeIRIQAopZW29MH3CuBw==
dVWA1fyVOY3yCu6UPA8lgnM1mRjFp93noeDaZE02kZyGhEg/f/eJC6qevwaHPwDEy7LEWmB9AfUsh/dWcHt+oPQd7CSXlgCcgeVpYpFvNtsuZjKYTUV3RhN2rgU=
KLkeklSh7RCo4RKGOuSEDZ/klhUEqWHROJvpDp4KhXM1AzVCdVud8MUurdoXEsbB+wklOlCNCkRvzcLVq3pbbCy92owTNOmQ5VRkWXGkgpXGbALMG0EHPa1XDzZw9RRlzd1VK3Gi2PWkBn8Rw+Tq1LdMuBzKjyaYFt50W2Po5MbB5RkzxPi1eVs76gS1XZXMcW8KmauTpMI+yJHKmbe2i7vtia78
jLcEjHOxTPSP57L64A29Rx5hpJQnE6jvXt87ajVlP4YeKiey9ikh7+/oJFluRv0NpHTbATv037MNeGWPCvoQVP+6F6v4M7UxZ64S
r6Qq28OfRShD3UvbzfXopDT2+FW7pmre2fVRTaACL1wk9Cthy7Qv0xR4da86uqD0TzqHC6jz5dEXrmI=
E2Ul/xr5VryustX2x2vwJ4YgOMJxdxrhIlhu8h+NTGC/inBoGUmoRpkT5k+WqlKcJZnH8ssarmE=
r6Qq28OfRShD3UvbzfXopDT2+FW7pmre2fVRTaACL1wk9Cthy7Qv0xR4da86uqD0TzqHC6jz5dEXrmI=
E2Ul/xr5VryustX2x2vwJ4YgOMJxdxrhIlhu8h+NTGC/inBoGUmoRpkT5k+WqlKcJZnH8ssarmE=
KXyPK9IMCqldLSpipkSuh1FGMdc+5mDc+eRQFIbhfjcMhdtOU70ePEZFLHynjmBEMX3o+iG3VsMePvLA/d0XniNurh0=
5ZImE1LAtGyl/19HRohbax+uc/tIdCC7oi1e1YGxc7/9P09szyysZLHlSTydZ67YzxuIcuIwFerd78oblyVtrhg=
r6Qq28OfRShD3UvbzfXopDT2+FW7pmre2fVRTaACL1wk9Cthy7Qv0xR4da86uqD0TzqHC6jz5dEXrmI=
E2Ul/xr5VryustX2x2vwJ4YgOMJxdxrhIlhu8h+NTGC/inBoGUmoRpkT5k+WqlKcJZnH8ssarmE=
iqcuvgr3a4WTwEq36DG7IFqx+kifPJNZyHKlMnTwpCs591BZNwyE/dZyuDP8LnOgWH4dVo8YRUk+KQIowvLJ0w+EL2iuHw==
LVni8/DyouHjk2u6XRjvZ+3Gqw31jDM+uon+BXMQWs7wtWUvJQdpky/bDlCkP+wtk6yVAxsnDAn68zVKXpu4hRL0S6FrNI+T+H9Vb1o6wDRvOmdLSHNFEXeuAg==
IDN+kQnQ1Teq6T6T4GovaC/O4PUwNKDVFRghuAix0xWynNv7vPYjCPjWre8PoPXhnoHScAKqGbvv7N8Qrmc=
IDN+kQnQ1Teq6T6T4GovaC/O4PUwNKDVFRghuAix0xWynNv7vPYjCPjWre8PoPXhnoHScAKqGbvv7N8Qrmc=
C3/5Z1ERx/DBQkPKSOVPgzZxA/6bTGIXJDojZgbS0hZVSmaaYh6w2ngrJMXdh9fLPJH3udk7Vv1SV+rIo7xJ+JHoDmGv15lAQzrrmLDTkeHQ6Jmirjk4iiLnzDMNvcwjOHNDElIHWmybVtPNyt49/s1dbPR3ZsAsIblvMjHf9ivOtrLILTU39rOmrtU=
