yqfvGpuDrf8SncNzheIp1qK6fAoq+ZmDq9ORmGd+jS8jziXE81Q52opDobMia2DWaC8Wb2YijgDmOh9daYVDy6FGPukaXYOB+6vf/pbNqhoxYW14BGzZULb8BNNIIPgCWittNCp+T3m38+rku0GV52R0G4F79B8zyXklA8n61Ne/s9YrODP1sbu0wA==
ZuTrAGMA3uOOj0/lUMXQyzAaTy/e2QC91MouqagsOIT6VrGr9b21Yfij8I9mJvNsZNK62MUmrjVChOY5In2rkfOr1+6+7ZLK6aGViNzMceA+fIyjIECgsuLrteTSnqdpv/Pi9NMh7bc8NKMxoxT3w0H5rbNhWoynx/OOewAT3aGztMg=
TasrwpCUoXQlkNgF2eKuO5ObfxYlq3jof/29q1sf4EzxJO1JMAg+X2dB/fCSeYqfK+2MmQMgLOfd76mCPXk0QXbIrnKjNEUWm78HFTcFsrMbSAauQbhu8vBMd+5MMSjUbN3gVdnFWSt9uszFUC5j8f+MPgTDdHRchneSyMJ2CPv/gFA2VX2Vs0hgIQnv03akSfXBHMUXy1nnp1OSbiOto4Sfwruv9Zm04g==
pi1DCF9nUf0jiHBd9nTxmKc8o8LyeLSzEnqX53bs8abp7Ce/66rYzYpSwstiN1JGoieD9TxDm5nBGi9Ma+rUjdmr7M6JoLrXwHDuMWyhiQNkiWQ1M3AmCUJ2t2ATf25AtXQxu7w2o0j4Fi2uCWB5op5FUTALa5n77yxfTLQ1
0TnmZyDX76y/NMs3Tai2DGKWq/ncGEYCSRxsifk2oei7CXx7woNzMvYYGUI5KO+Ly5/QyZo2qr8iQzoiMqMLQZz3U10R/se4ax48aQlvJHopFDJTUBSGRSzV4Wd0jWwBE0TuzZKSX5STi4akZbD5j5wCq0zockXaSRQRxg7B2YSr31E/P8i3uLTB
Sya7aLzf3dH1JCecR7UemmKWq/ncGEYCSRxsifk2oei7GHR1xIxyYPYYGUI5KO+Ly5DQyZo2qr8iQzoiMqMLQZz3U10R/se4ax48aQlvJHopFDJTUBSGRSzV4Wd0jWwBE0TuzZKSX5STi4akZbD5j5wCq0zockXaSRQRxg7B2YSr31E/P8i3uLTB
Hm+Sr5wYnQmJIX9YfC9PLswjETBLwNMbMbLerdPqjHyNYYi+wsLj3cwcblYNWMpLaZbivtoMORbGiY70doyxBmkM55/rxZhtCrIC62IXEiYih0MVPGPb+UG676xrChQtWcus7olAendAEK4RbIFJ4+QpJFUzUObpwtb3ABMfLuA1lPGbvFbj6Hj27Y4JQDnCHuWR0AtL2ZtvjJ+stNU=
+hZ97ob1ZcC0sOKyaWndRF8kLBlgNJPxrewOUdQyX0GSFE/yaoTBFvv/p5WXRdKz849kLuF4TvKQjJdu7HEI1EydgNU5BXkrXXosRTBuQ/HfzJ6EI7QUXKa3Mkiituj7n8DwtvU99bOooIGJTxOWpCm1IZxlV+tZB+czEs7jjaOkXyI7z7W5tMI=
jC6PX64OxlriGArbka11kInoNBFEqiwVBGUORgpFIigvxlMcV60XFEMyruR2nJH2qVyHL2s9OT1KguL7YgdyFuJX42W80zspAcrPvGsaNF0ZG0xeCTDap4AgzgFskanTpHmEpbPghrkCJtcQEw8OEPXEkSs8pkO4OMYNnglQWfLeNTGgi/s5Sy/8v7y0xQ==
jmxtyvtiix+0rsDj5Sa1RP+pdho28ZrQsdGPiHQ5kQwjwyWrlTpQwINWubsdXU2xIGNDOz5GmxzsUjJobYZ2xbpEPukaXYOB+6vf/pbNqhoxYW14BGzZULb8BNNIIPgCWittNCp+T3m38+rku0GV52R0G4F79B8zyXklA8n61Ne/s9YrODP1sbu0wA==
z8mvgCRzQq0CdWBQB/HDK+Wdns6KzbJQT57j1IhvqZ4mQb7sdpSBzomEd+er94llKvpyc+KP4u4Cj1Mt/JtLcSHy37RrEiRlOUM8Fkl4an9g2F6J7Bk5q8QhNG1zKHZhIh7HGBMHHijVHGHj/G7z4Fi+nRaJ2MkKPu2B6MuzSRMPxK+0tM0=
J6pgMc76+xv/Pm8ZYmSSaW9KpL9Zp5qHYerqRzXGqBbz77/1/zWq86LdzI5ZyMZyGHxvjgSh0BR0raj1IRVxK1VqNGUYXnsxBxx2ZNtEnNwuB4roCuawu+ewmNbtLf2zoLCZaafjbmTxZYk83edj2Y+XS3Kms9XjnG8KG9elsbTK
2Wx6wt5xg4q4qt+tVdKSCv7mjhastxFN9zoJFDdtZMfLhIMqAN+n0fszs5t25RZ49gApatnAP7OL4YBhOt5aJ6LbSkqSC9u5XM8DNXHW96BrBgxBaQd0Quns4vvwfPbdrE0Rj9QlPHlTfD4lcrpvjJOTtoyFWCm33Hr75EiatULJjGGurmkJfGvnAVdf4IegtNk=
jrWdJNgU7EmYAod19djRIlMlIBR5ddq5svtXXJhtAxOQDQ7yaoTBFvv/p5WXRdKz8o5kLuF4TvKQjJdu7HEI1EydgNU5BXkrXXosRTBuQ/HfzJ6EI7QUXKa3Mkiituj7n8DwtvU99bOooIGJTxOWpCm1IZxlV+tZB+czEs7jjaOkXyI7z7W5tMI=
w5/vs6H4XPSdJBsjkiRS37wwtK5w/6ik0i3D6D1bOiNocl+VYJpRaAspPeMU6XnOwy66ciLbcNKVRUqCSZct8xUdf9CmLZzp2Qro4lKqjFW343Dxmmr/b3eq+UtCuGUjSt3Rv576D+gzv2ni+kvycUfFmyORqSCRTyvC1tObBRZTL99133VK8wwfow55iCZyuLwPDiThMBTUbch1AVWRK7UqFOV4ntsx51xW5LuEPNzOR6poaiYQuwfwuFaN7V2zAPB56YcjDmRRJWm8/ScD2S/Xq/KGc7XjPC/qm/dl0bSq
jB4mr4O9dEY9fLRzlQRfN7TDD4gD7B8nQKt29KRpBGTcnXIEp2P8SVu+EpKaq7gS3RWSoiGn1fNtLZfw/v1UqZH6UIL6OhTVL3MYUWLat6+/+qGrashdI3Kt+V/Gqscoew+RQpLbavHfVTNDKVlo0Yf7mvY7q30Wqx+3VQclAjPDaRvu0Ri+8iAs565cUfhUnL0QFSmlqSuN2jyFoE6TcS/sLkRTFKRcVtcCiNJW2HtPoGB25d2ls3jAkcnf88YkGdXR3FW3m1m3R8NSfsP9I/R/snvfFem0kg==
mbvzPNSrrwrrH+IO3PjgNeOVmmoBJ1mCwis8sdal4PbvXGBt/8J1s5PubzZEIeLLzRH/Ub/xDZYxGUoOhdq2cg180fpT7VsgMwiiVKaJwomOvLoR14es7VdzyTxrLuu06JchfVhc+e6W3Si2SrMM35U5vH/wh2MeKiOKkDPCU2ESGg3ixWmMOM8CUJDJbCleJdgG84XCG0XVkWeKm6606w==
C8HcqcWt8c2VIWcAuy6RVmuo6Zlg9sDpvPzXueuyQLV146XzNqqqNlhZN5Z/d1sFO/1205Tdx549sIoyVMTLHoApLPSoZWzFBQ19K1lyEFXclqfR+5Ty9H/80Jxif+74Du6Mmzt4XCYJtXEzLCj9GeOrMkTNbY0sOR+vGUMv7+IiO6mDwCdOK/O9vbTG
oY6qkvy/KWk0OTMHqguPd/qAhOXohiQhQr2WVPLmzzuxpytTv8q2Wl0EcXKjNRtPIjFCnBYRQiFeRJoZp99sBcfLqXRbNuucuO+B9aiEuYaG5ch++iuMd0XBnHeA36P2upvq2APaU0lCYq1qNbHMUN86sFh59Kn29SAm+/Wa261FKQfCq7a0ww==
uQsWT4bpXXZrzbRjj/Ig3Yv68W/98WpjgtI2LjVoITb7aTtYKj1yuC4tgpX26AqdP0OM0Q8HWZCjyutoUANRMXBYGRIOaXjaQpfMQ23tjHOYw8Oi8teavHum0z0qDv0ube3sRNc2gHxByGlCXYy2f20GO3mN5fcmU0q0Nw==
g9iKzv52SbNk5WefIEmRE1NZ4ZiKEgDgs1aJm82dnVGw47bcwIZr/PxSIkhdRsZlCsSuSUod0+GLq6+exo36uqHh3di0rOlwpvwUM7jgCOKqq/3U+r6fWYfz2sTrAcWH9PRr4Qu0b1PZeTUj+bpkdw8zRovo8yVRS7Qw
LfN2+MnnyowiSz04ZEiCAIn68X7/525jgtI2LjVoITb7aTtWKj1yuC4tgpX26AqdP0OM0Q8HWZCjyutoUANRMXBYGRIOaXjaQpfMQ23tjHOYw8Oi8teavHum0z0qDv0ube3sRNc2gHxByGlCXYy2f20GO3mN5fcmU0q0Nw==
dEgo4UA54RQnxdOyCBakWVNZ546WDwDgs1aJm82dnVGw47jcwIZr/PxSIkhdRsZlCsSuSUod0+GLq6+exo36uqHh3di0rOlwpvwUM7jgCOKqq/3U+r6fWYfz2sTrAcWH9PRr4Qu0b1PZeTUj+bpkdw8zRovo8yVRS7Qw
qE4Ans3Rz/cSHzila/owt1NZ5piECgDgs1aJm82dnVGw47HdwIZr/PxSIkhdRsZlCsSuSUod0+GLq6+exo36uqHh3di0rOlwpvwUM7jgCOKqq/3U+r6fWYfz2sTrAcWH9PRr4Qu0b1PZeTUj+bpkdw8zRovo8yVRS7Qw
gHU1N8VXxeMNSdWPHNNkvFpNYWhhDIQ5FscmR6mr5pIWOmcxUm0sAN5/bmB+xcwNXKxdm2poSi3Ufq2N2oRmPsUgMrIsVHP+aPlktOBVRCUdPWUrQUIItfSm75GzRBoUx2yoHNrvFlimvsTb84i0BhHFaTM02OU5i9t6hAW9JYxBjxeZu79XgkprYUMIF2ZL642ltN4=
jPUZsJuKSOlUMogaZ0v8GHQQhCwn1ZZ5htS6tNrgtXVFKLLeJqkwSZYfb8qKJIlV4N3hsZKvRShsY3k2usT7M2sYMeC0AUCUhE14NRE1YStFSgSlyL6LsZe8xiSLJOzcHidaKPoGIDtXEMiWnU3ts7BQaal3Q97kYQX5fI3HUtl/d5uyFhNFY+wPWlvnhaG02g==
